Arguments: 
  /usr/local/share/nvm/versions/node/v20.6.0/bin/node /usr/share/yarn/bin/yarn.js init

PATH: 
  /usr/local/rvm/gems/ruby-3.2.2/bin:/usr/local/rvm/gems/ruby-3.2.2@global/bin:/usr/local/rvm/rubies/ruby-3.2.2/bin:/vscode/bin/linux-x64/abd2f3db4bdb28f9e95536dfa84d8479f1eb312d/bin/remote-cli:/home/codespace/.local/bin:/home/codespace/.dotnet:/home/codespace/nvm/current/bin:/home/codespace/.php/current/bin:/home/codespace/.python/current/bin:/home/codespace/java/current/bin:/home/codespace/.ruby/current/bin:/home/codespace/.local/bin:/usr/local/python/current/bin:/usr/local/py-utils/bin:/usr/local/oryx:/usr/local/go/bin:/go/bin:/usr/local/sdkman/bin:/usr/local/sdkman/candidates/java/current/bin:/usr/local/sdkman/candidates/gradle/current/bin:/usr/local/sdkman/candidates/maven/current/bin:/usr/local/sdkman/candidates/ant/current/bin:/usr/local/rvm/gems/default/bin:/usr/local/rvm/gems/default@global/bin:/usr/local/rvm/rubies/default/bin:/usr/local/share/rbenv/bin:/usr/local/php/current/bin:/opt/conda/bin:/usr/local/nvs:/usr/local/share/nvm/versions/node/v20.6.0/bin:/usr/local/hugo/bin:/usr/local/dotnet/current:/usr/local/sbin:/usr/local/bin:/usr/sbin:/usr/bin:/sbin:/bin:/usr/local/rvm/bin

Yarn version: 
  1.22.19

Node version: 
  20.6.0

Platform: 
  linux x64

Trace: 
  Error: canceled
      at Interface.<anonymous> (/usr/share/yarn/lib/cli.js:137150:13)
      at Interface.emit (node:events:514:28)
      at [_ttyWrite] [as _ttyWrite] (node:internal/readline/interface:1125:18)
      at ReadStream.onkeypress (node:internal/readline/interface:264:20)
      at ReadStream.emit (node:events:514:28)
      at emitKeys (node:internal/readline/utils:371:14)
      at emitKeys.next (<anonymous>)
      at ReadStream.onData (node:internal/readline/emitKeypressEvents:64:36)
      at ReadStream.emit (node:events:514:28)
      at addChunk (node:internal/streams/readable:343:12)

npm manifest: 
  {
    "private": true,
    "workspaces": {
      "packages": [
        "packages/*"
      ]
    },
    "publishConfig": {
      "access": "public"
    },
    "scripts": {
      "build": "tsc --build",
      "clean": "yarn tsc --build --clean",
      "test": "yarn jest",
      "release": "yarn clean && yarn build && yarn test && yarn lerna publish --force-publish",
      "cli": "yarn tsc --build && node ./packages/spacex-cli/lib/index.js",
      "cli:test": "yarn cli compile --path \"./packages/spacex-cli/test_data/queries/*.graphql\" --schema ./packages/spacex-cli/test_data/schema.json --output ./packages/spacex-cli/test_data"
    },
    "dependencies": {
      "@graphql-tools/optimize": "1.0.1",
      "@graphql-tools/relay-operation-optimizer": "^6.3.0",
      "@types/commander": "2.12.2",
      "@types/glob": "7.1.3",
      "@types/graphql": "14.5.0",
      "@types/jest": "25.2.1",
      "@types/ora": "3.2.0",
      "@types/prompts": "2.0.12",
      "@types/react": "16.9.19",
      "@types/react-dom": "16.9.5",
      "@types/relay-compiler": "8.0.0",
      "@types/uuid": "3.4.7",
      "@types/ws": "7.2.1",
      "apollo": "2.33.4",
      "commander": "7.2.0",
      "glob": "7.1.7",
      "graphql": "15.5.0",
      "isomorphic-ws": "4.0.1",
      "jest": "25.5.0",
      "lerna": "4.0.0",
      "node-fetch": "2.6.1",
      "ora": "5.4.0",
      "prompts": "2.4.1",
      "react": "16.12.0",
      "react-dom": "16.12.0",
      "relay-compiler": "10.1.0",
      "ts-jest": "25.4.0",
      "tslint": "^6.1.3",
      "typescript": "*",
      "uuid": "3.4.0",
      "ws": "7.2.1"
    }
  }

yarn manifest: 
  No manifest

Lockfile: 
  No lockfile
